shellsscan/build/outputs/logs/manifest-merger-debug-report.txt
-- Merging decision tree log ---
manifest
ADDED from src/main/AndroidManifest.xml:2:1-39:12
	package
		ADDED from src/main/AndroidManifest.xml:2:70-110
		INJECTED from src/main/AndroidManifest.xml
		INJECTED from src/main/AndroidManifest.xml
	android:versionName
		ADDED from src/main/AndroidManifest.xml:2:159-184
		INJECTED from src/main/AndroidManifest.xml
		INJECTED from src/main/AndroidManifest.xml
	android:versionCode
		ADDED from src/main/AndroidManifest.xml:2:185-208
		INJECTED from src/main/AndroidManifest.xml
		INJECTED from src/main/AndroidManifest.xml
	xmlns:android
		ADDED from src/main/AndroidManifest.xml:2:11-69
	android:installLocation
		ADDED from src/main/AndroidManifest.xml:2:209-249
	android:theme
		ADDED from src/main/AndroidManifest.xml:2:111-158
uses-sdk
ADDED from src/main/AndroidManifest.xml:3:3-72
	android:targetSdkVersion
		ADDED from src/main/AndroidManifest.xml:3:40-69
		INJECTED from src/main/AndroidManifest.xml
		INJECTED from src/main/AndroidManifest.xml
	android:minSdkVersion
		ADDED from src/main/AndroidManifest.xml:3:13-39
		INJECTED from src/main/AndroidManifest.xml
		INJECTED from src/main/AndroidManifest.xml
uses-feature#android.hardware.camera
ADDED from src/main/AndroidManifest.xml:4:3-58
	android:name
		ADDED from src/main/AndroidManifest.xml:4:17-55
supports-screens
ADDED from src/main/AndroidManifest.xml:5:3-163
	android:largeScreens
		ADDED from src/main/AndroidManifest.xml:5:78-105
	android:smallScreens
		ADDED from src/main/AndroidManifest.xml:5:21-48
	android:normalScreens
		ADDED from src/main/AndroidManifest.xml:5:49-77
	android:xlargeScreens
		ADDED from src/main/AndroidManifest.xml:5:106-134
	android:anyDensity
		ADDED from src/main/AndroidManifest.xml:5:135-160
uses-permission#android.permission.INTERNET
ADDED from src/main/AndroidManifest.xml:6:3-65
	android:name
		ADDED from src/main/AndroidManifest.xml:6:20-62
uses-permission#android.permission.CAMERA
ADDED from src/main/AndroidManifest.xml:7:3-63
	android:name
		ADDED from src/main/AndroidManifest.xml:7:20-60
uses-permission#android.permission.ACCESS_NETWORK_STATE
ADDED from src/main/AndroidManifest.xml:8:3-77
	android:name
		ADDED from src/main/AndroidManifest.xml:8:20-74
uses-permission#android.permission.WRITE_EXTERNAL_STORAGE
ADDED from src/main/AndroidManifest.xml:9:3-79
	android:name
		ADDED from src/main/AndroidManifest.xml:9:20-76
application
ADDED from src/main/AndroidManifest.xml:10:3-31:17
	android:label
		ADDED from src/main/AndroidManifest.xml:10:50-82
	android:debuggable
		ADDED from src/main/AndroidManifest.xml:10:142-168
	android:icon
		ADDED from src/main/AndroidManifest.xml:10:16-49
	android:banner
		ADDED from src/main/AndroidManifest.xml:10:191-228
	android:theme
		ADDED from src/main/AndroidManifest.xml:10:83-141
	android:isGame
		ADDED from src/main/AndroidManifest.xml:10:169-190
activity#com.three38inc.apps.shellsscan.UnityPlayerNativeActivity
ADDED from src/main/AndroidManifest.xml:11:5-18:16
	android:screenOrientation
		ADDED from src/main/AndroidManifest.xml:11:48-86
	android:label
		ADDED from src/main/AndroidManifest.xml:11:15-47
	android:launchMode
		ADDED from src/main/AndroidManifest.xml:11:87-118
	android:configChanges
		ADDED from src/main/AndroidManifest.xml:11:119-276
	android:name
		ADDED from src/main/AndroidManifest.xml:11:277-348
intent-filter#android.intent.action.MAIN+android.intent.category.LAUNCHER
ADDED from src/main/AndroidManifest.xml:12:7-15:23
action#android.intent.action.MAIN
ADDED from src/main/AndroidManifest.xml:13:9-61
	android:name
		ADDED from src/main/AndroidManifest.xml:13:17-58
category#android.intent.category.LAUNCHER
ADDED from src/main/AndroidManifest.xml:14:9-69
	android:name
		ADDED from src/main/AndroidManifest.xml:14:19-66
meta-data#unityplayer.UnityActivity
ADDED from src/main/AndroidManifest.xml:16:7-82
	android:value
		ADDED from src/main/AndroidManifest.xml:16:59-79
	android:name
		ADDED from src/main/AndroidManifest.xml:16:18-58
meta-data#unityplayer.ForwardNativeEventsToDalvik
ADDED from src/main/AndroidManifest.xml:17:7-97
	android:value
		ADDED from src/main/AndroidManifest.xml:17:73-94
	android:name
		ADDED from src/main/AndroidManifest.xml:17:18-72
activity#com.unity3d.player.VideoPlayer
ADDED from src/main/AndroidManifest.xml:19:5-20:16
	android:screenOrientation
		ADDED from src/main/AndroidManifest.xml:19:94-130
	android:label
		ADDED from src/main/AndroidManifest.xml:19:61-93
	android:configChanges
		ADDED from src/main/AndroidManifest.xml:19:131-288
	android:name
		ADDED from src/main/AndroidManifest.xml:19:15-60
uses-library#com.ti.s3d
ADDED from src/main/AndroidManifest.xml:26:5-72
	android:required
		ADDED from src/main/AndroidManifest.xml:26:45-69
	android:name
		ADDED from src/main/AndroidManifest.xml:26:19-44
uses-library#com.osterhoutgroup.api.ext
ADDED from src/main/AndroidManifest.xml:30:5-88
	android:required
		ADDED from src/main/AndroidManifest.xml:30:61-85
	android:name
		ADDED from src/main/AndroidManifest.xml:30:19-60
uses-feature#0x00020000
ADDED from src/main/AndroidManifest.xml:32:3-52
	android:glEsVersion
		ADDED from src/main/AndroidManifest.xml:32:17-49
uses-feature#android.hardware.camera.autofocus
ADDED from src/main/AndroidManifest.xml:33:3-93
	android:required
		ADDED from src/main/AndroidManifest.xml:33:66-90
	android:name
		ADDED from src/main/AndroidManifest.xml:33:17-65
uses-feature#android.hardware.camera.front
ADDED from src/main/AndroidManifest.xml:34:3-89
	android:required
		ADDED from src/main/AndroidManifest.xml:34:62-86
	android:name
		ADDED from src/main/AndroidManifest.xml:34:17-61
uses-feature#android.hardware.sensor.accelerometer
ADDED from src/main/AndroidManifest.xml:35:3-97
	android:required
		ADDED from src/main/AndroidManifest.xml:35:70-94
	android:name
		ADDED from src/main/AndroidManifest.xml:35:17-69
uses-feature#android.hardware.touchscreen
ADDED from src/main/AndroidManifest.xml:36:3-88
	android:required
		ADDED from src/main/AndroidManifest.xml:36:61-85
	android:name
		ADDED from src/main/AndroidManifest.xml:36:17-60
uses-feature#android.hardware.touchscreen.multitouch
ADDED from src/main/AndroidManifest.xml:37:3-99
	android:required
		ADDED from src/main/AndroidManifest.xml:37:72-96
	android:name
		ADDED from src/main/AndroidManifest.xml:37:17-71
uses-feature#android.hardware.touchscreen.multitouch.distinct
ADDED from src/main/AndroidManifest.xml:38:3-108
	android:required
		ADDED from src/main/AndroidManifest.xml:38:81-105
	android:name
		ADDED from src/main/AndroidManifest.xml:38:17-80